[ok-google.io/index.html]
[backblue.gif]
[fade.gif]
[index.html]
[ok-google.io/favicon.ico]
[i.imgur.com/mj5a353.jpg]
[i.imgur.com/BRgbi4C.jpg]
[ok-google.io/static/css/main.108d616f.chunk.css]
[ok-google.io/index.html]
[ok-google.io/static/js/main.9c301ba1.chunk.js]
[fonts.googleapis.com/css8afb.css]
[i.imgur.com/mj5a353.jpg]
[i.imgur.com/BRgbi4C.jpg]
[ok-google.io/android-icon-192x192.html]
[ok-google.io/static/js/1.1b89a304.chunk.js]
[ok-google.io/static/media/fontello.2467f072.eot]
[ok-google.io/static/media/fontello.21e179a9.woff2]
[ok-google.io/static/media/fontello.349cc6b0.woff]
[ok-google.io/static/media/fontello.4a163735.ttf]
[ok-google.io/static/media/fontello.c7e453b3.svg]
[ok-google.io/static/css/main.108d616f.chunk.css]
[ok-google.io/static/media/fontello.c7e453b3.svg]
